<?xml version="1.0" encoding="UTF-8"?>
<!-- Generated by org.testng.reporters.JUnitXMLReporter -->
<testsuite ignored="0" hostname="DESKTOP-GJ1V17D" failures="0" tests="3" name="Test" time="29.772" errors="0" timestamp="2020-07-18T13:04:15 IST">
  <testcase classname="Academy.Validatetitle" name="basePageInitialize" time="0.213"/>
  <testcase classname="Academy.HomePage" name="basePageInitialize" time="8.187"/>
  <testcase classname="Academy.HomePage" name="basePageInitialize" time="4.387"/>
</testsuite> <!-- Test -->
