<?xml version="1.0" encoding="UTF-8"?>
<!-- Generated by org.testng.reporters.JUnitXMLReporter -->
<testsuite ignored="0" hostname="DESKTOP-GJ1V17D" failures="1" tests="3" name="Validatetitle" time="17.672" errors="0" timestamp="2020-07-19T17:58:09 IST">
  <testcase classname="Academy.Validatetitle" name="basePageInitialize" time="0.138">
    <failure type="java.lang.AssertionError" message="expected [Featured Courses] but found [FEATURED COURSES]">
      <![CDATA[java.lang.AssertionError: expected [Featured Courses] but found [FEATURED COURSES]
at Academy.Validatetitle.basePageInitialize(Validatetitle.java:34)
at java.base/java.util.ArrayList.forEach(ArrayList.java:1510)
at java.base/java.util.concurrent.FutureTask.run(FutureTask.java:264)
at java.base/java.util.concurrent.ThreadPoolExecutor.runWorker(ThreadPoolExecutor.java:1130)
at java.base/java.util.concurrent.ThreadPoolExecutor$Worker.run(ThreadPoolExecutor.java:630)
at java.base/java.lang.Thread.run(Thread.java:832)
... Removed 23 stack frames]]>
    </failure>
  </testcase> <!-- basePageInitialize -->
  <testcase classname="Academy.HomePage" name="basePageInitialize" time="8.14"/>
  <testcase classname="Academy.HomePage" name="basePageInitialize" time="3.267"/>
</testsuite> <!-- Validatetitle -->
