<?xml version="1.0" encoding="UTF-8"?>
<!-- Generated by org.testng.reporters.JUnitXMLReporter -->
<testsuite ignored="0" hostname="DESKTOP-GJ1V17D" failures="0" tests="3" name="Test" time="29.729" errors="0" timestamp="2020-07-18T13:50:59 IST">
  <testcase classname="Academy.Validatetitle" name="basePageInitialize" time="0.307"/>
  <testcase classname="Academy.HomePage" name="basePageInitialize" time="7.538"/>
  <testcase classname="Academy.HomePage" name="basePageInitialize" time="4.463"/>
</testsuite> <!-- Test -->
