-------------------------------------------------------------------------------
Test set: TestSuite
-------------------------------------------------------------------------------
Tests run: 3, Failures: 1, Errors: 0, Skipped: 0, Time elapsed: 29.325 s <<< FAILURE! - in TestSuite
Academy.Validatetitle.basePageInitialize  Time elapsed: 1.211 s  <<< FAILURE!
java.lang.AssertionError: expected [Featured Courses] but found [FEATURED COURSES]
	at Academy.Validatetitle.basePageInitialize(Validatetitle.java:34)

