<?xml version="1.0" encoding="UTF-8"?>
<testng-results ignored="0" total="2" passed="2" failed="0" skipped="0">
  <reporter-output>
  </reporter-output>
  <suite started-at="2020-07-22T12:23:09 IST" name="Default suite" finished-at="2020-07-22T12:23:28 IST" duration-ms="19605">
    <groups>
    </groups>
    <test started-at="2020-07-22T12:23:09 IST" name="Default test" finished-at="2020-07-22T12:23:28 IST" duration-ms="19605">
      <class name="Academy.HomePage">
        <test-method is-config="true" signature="initialize()[pri:0, instance:Academy.HomePage@39de3d36]" started-at="2020-07-22T12:23:09 IST" name="initialize" finished-at="2020-07-22T12:23:13 IST" duration-ms="4418" status="PASS">
          <reporter-output>
          </reporter-output>
        </test-method> <!-- initialize -->
        <test-method signature="basePageInitialize(java.lang.String, java.lang.String)[pri:0, instance:Academy.HomePage@39de3d36]" started-at="2020-07-22T12:23:13 IST" name="basePageInitialize" data-provider="getData" finished-at="2020-07-22T12:23:24 IST" duration-ms="11246" status="PASS">
          <params>
            <param index="0">
              <value>
                <![CDATA[hgfhfhjg]]>
              </value>
            </param>
            <param index="1">
              <value>
                <![CDATA[hgfdhg]]>
              </value>
            </param>
          </params>
          <reporter-output>
          </reporter-output>
        </test-method> <!-- basePageInitialize -->
        <test-method signature="basePageInitialize(java.lang.String, java.lang.String)[pri:0, instance:Academy.HomePage@39de3d36]" started-at="2020-07-22T12:23:24 IST" name="basePageInitialize" data-provider="getData" finished-at="2020-07-22T12:23:28 IST" duration-ms="3561" status="PASS">
          <params>
            <param index="0">
              <value>
                <![CDATA[tutff]]>
              </value>
            </param>
            <param index="1">
              <value>
                <![CDATA[gfhj]]>
              </value>
            </param>
          </params>
          <reporter-output>
          </reporter-output>
        </test-method> <!-- basePageInitialize -->
        <test-method is-config="true" signature="teardown()[pri:0, instance:Academy.HomePage@39de3d36]" started-at="2020-07-22T12:23:28 IST" name="teardown" finished-at="2020-07-22T12:23:28 IST" duration-ms="327" status="PASS">
          <reporter-output>
          </reporter-output>
        </test-method> <!-- teardown -->
      </class> <!-- Academy.HomePage -->
    </test> <!-- Default test -->
  </suite> <!-- Default suite -->
</testng-results>
